<?xml version="1.0" encoding="UTF-8"?>
<!-- Generated by org.testng.reporters.JUnitReportReporter -->
<testsuite hostname="pc-PC" failures="0" tests="10" name="testNG_tutorial.TestNG_Attributes2" time="1.093" errors="0" timestamp="2023-09-21T15:19:35 IST" skipped="1">
  <testcase classname="testNG_tutorial.TestNG_Attributes2" name="verifyUrl" time="0.219"/>
  <system-out/>
  <testcase classname="testNG_tutorial.TestNG_Attributes2" name="verifyUrl" time="0.119"/>
  <system-out/>
  <testcase classname="testNG_tutorial.TestNG_Attributes2" name="verifyUrl" time="0.042"/>
  <system-out/>
  <testcase classname="testNG_tutorial.TestNG_Attributes2" name="verifyUrl" time="0.034"/>
  <system-out/>
  <testcase classname="testNG_tutorial.TestNG_Attributes2" name="verifyLoginbuttonisenable" time="0.095"/>
  <system-out/>
  <testcase classname="testNG_tutorial.TestNG_Attributes2" name="verifyUsernametextboxWidth" time="0.082"/>
  <system-out/>
  <testcase classname="testNG_tutorial.TestNG_Attributes2" name="verifyUsernametextboxPlaceholder" time="0.181"/>
  <system-out/>
  <testcase classname="testNG_tutorial.TestNG_Attributes2" name="verifyForgottenpassword" time="0.174"/>
  <system-out/>
  <testcase classname="testNG_tutorial.TestNG_Attributes2" name="verifyUsernametextboxHeight" time="0.147"/>
  <system-out/>
  <testcase classname="testNG_tutorial.TestNG_Attributes2" name="verifyTitle">
    <skipped/>
  </testcase> <!-- verifyTitle -->
  <system-out/>
</testsuite> <!-- testNG_tutorial.TestNG_Attributes2 -->
