<?xml version="1.0" encoding="UTF-8"?>
<!-- Generated by org.testng.reporters.JUnitReportReporter -->
<testsuite hostname="pc-PC" failures="0" tests="10" name="testNG_tutorial.TestNG_Attributes" time="1.131" errors="0" timestamp="2023-09-21T15:19:35 IST" skipped="1">
  <testcase classname="testNG_tutorial.TestNG_Attributes" name="verifyUrl" time="0.061"/>
  <system-out/>
  <testcase classname="testNG_tutorial.TestNG_Attributes" name="verifyUrl" time="0.061"/>
  <system-out/>
  <testcase classname="testNG_tutorial.TestNG_Attributes" name="verifyUrl" time="0.076"/>
  <system-out/>
  <testcase classname="testNG_tutorial.TestNG_Attributes" name="verifyUrl" time="0.065"/>
  <system-out/>
  <testcase classname="testNG_tutorial.TestNG_Attributes" name="verifyLoginbuttonisenable" time="0.173"/>
  <system-out/>
  <testcase classname="testNG_tutorial.TestNG_Attributes" name="verifyUsernametextboxWidth" time="0.192"/>
  <system-out/>
  <testcase classname="testNG_tutorial.TestNG_Attributes" name="verifyUsernametextboxPlaceholder" time="0.133"/>
  <system-out/>
  <testcase classname="testNG_tutorial.TestNG_Attributes" name="verifyForgottenpassword" time="0.216"/>
  <system-out/>
  <testcase classname="testNG_tutorial.TestNG_Attributes" name="verifyUsernametextboxHeight" time="0.154"/>
  <system-out/>
  <testcase classname="testNG_tutorial.TestNG_Attributes" name="verifyTitle">
    <skipped/>
  </testcase> <!-- verifyTitle -->
  <system-out/>
</testsuite> <!-- testNG_tutorial.TestNG_Attributes -->
