<?xml version="1.0" encoding="UTF-8"?>
<!-- Generated by org.testng.reporters.JUnitReportReporter -->
<testsuite hostname="pc-PC" failures="0" tests="7" name="testNG_tutorial.Assertion_Example1" time="1.246" errors="0" timestamp="2023-09-21T15:19:35 IST" skipped="0">
  <testcase classname="testNG_tutorial.Assertion_Example1" name="verifyForgottenpassword" time="0.360"/>
  <system-out/>
  <testcase classname="testNG_tutorial.Assertion_Example1" name="verifyUsernametextboxPlaceholder" time="0.267"/>
  <system-out/>
  <testcase classname="testNG_tutorial.Assertion_Example1" name="verifyLoginbuttonisenable" time="0.115"/>
  <system-out/>
  <testcase classname="testNG_tutorial.Assertion_Example1" name="verifyUrl" time="0.129"/>
  <system-out/>
  <testcase classname="testNG_tutorial.Assertion_Example1" name="verifyTitle" time="0.059"/>
  <system-out/>
  <testcase classname="testNG_tutorial.Assertion_Example1" name="verifyUsernametextboxWidth" time="0.157"/>
  <system-out/>
  <testcase classname="testNG_tutorial.Assertion_Example1" name="verifyUsernametextboxHeight" time="0.159"/>
  <system-out/>
</testsuite> <!-- testNG_tutorial.Assertion_Example1 -->
