<?xml version="1.0" encoding="UTF-8"?>
<!-- Generated by org.testng.reporters.JUnitReportReporter -->
<testsuite hostname="pc-PC" failures="0" tests="2" name="testNG_tutorial.Example2" time="0.017" errors="0" timestamp="2023-09-21T15:19:34 IST" skipped="0">
  <testcase classname="testNG_tutorial.Example2" name="m2" time="0.006"/>
  <system-out/>
  <testcase classname="testNG_tutorial.Example2" name="m10" time="0.011"/>
  <system-out/>
</testsuite> <!-- testNG_tutorial.Example2 -->
