<?xml version="1.0" encoding="UTF-8"?>
<!-- Generated by org.testng.reporters.JUnitReportReporter -->
<testsuite hostname="pc-PC" failures="0" tests="2" name="testNG_tutorial.Groups_Example2" time="0.238" errors="0" timestamp="2023-09-21T15:36:21 IST" skipped="0">
  <testcase classname="testNG_tutorial.Groups_Example2" name="verifyUrl" time="0.132"/>
  <system-out/>
  <testcase classname="testNG_tutorial.Groups_Example2" name="verifyUsernametextboxWidth" time="0.106"/>
  <system-out/>
</testsuite> <!-- testNG_tutorial.Groups_Example2 -->
