<?xml version="1.0" encoding="UTF-8"?>
<!-- Generated by org.testng.reporters.JUnitReportReporter -->
<testsuite hostname="pc-PC" failures="0" tests="4" name="testNG_tutorial.Example1" time="106.261" errors="0" timestamp="2023-09-21T15:19:35 IST" skipped="0">
  <testcase classname="testNG_tutorial.Example1" name="verifyfbHomepagetext" time="19.711"/>
  <system-out/>
  <testcase classname="testNG_tutorial.Example1" name="verifyUrl" time="30.379"/>
  <system-out/>
  <testcase classname="testNG_tutorial.Example1" name="verifyForgottenpassword" time="40.958"/>
  <system-out/>
  <testcase classname="testNG_tutorial.Example1" name="verifyTitle" time="15.213"/>
  <system-out/>
</testsuite> <!-- testNG_tutorial.Example1 -->
