<?xml version="1.0" encoding="UTF-8"?>
<!-- Generated by org.testng.reporters.JUnitReportReporter -->
<testsuite hostname="pc-PC" failures="0" tests="1" name="testNG_tutorial.Parameter_Example" time="58.715" errors="0" timestamp="2023-09-22T15:04:07 IST" skipped="0">
  <testcase classname="testNG_tutorial.Parameter_Example" name="setUp" time="58.715"/>
  <system-out/>
</testsuite> <!-- testNG_tutorial.Parameter_Example -->
